20240709	09:36:56	28a22450-e1f4-421f-b825-19742980fff6	Error: couldn't save the user to MongoDB	POST	/auth/register	undefined
20240709	14:56:02	2de7b82b-c3c9-4f8b-ad5d-9faf5a231973	Error: ENOENT: no such file or directory, stat 'C:\Users\benzm\OneDrive\Documents\directED-main\FINALE\PIPELINE-beta\backend-piped\src\controllers\views\404.html'	GET	/favicon.ico	undefined
20240709	14:56:24	8080bfdd-6b71-4a4a-ae89-1c5b80a84738	Error: ENOENT: no such file or directory, stat 'C:\Users\benzm\OneDrive\Documents\directED-main\FINALE\PIPELINE-beta\backend-piped\src\controllers\views\404.html'	GET	/	undefined
20240709	14:56:24	103c3aaf-b34d-4f8c-9b5a-fef7e309e6de	Error: ENOENT: no such file or directory, stat 'C:\Users\benzm\OneDrive\Documents\directED-main\FINALE\PIPELINE-beta\backend-piped\src\controllers\views\404.html'	GET	/favicon.ico	undefined
20240709	14:56:35	8db66225-2386-4c5e-bb8f-9938f87cca1f	Error: ENOENT: no such file or directory, stat 'C:\Users\benzm\OneDrive\Documents\directED-main\FINALE\PIPELINE-beta\backend-piped\src\controllers\views\404.html'	GET	/dkdk	undefined
20240709	14:56:35	28bd2ffb-c3b8-4119-963b-d1969c81eb06	Error: ENOENT: no such file or directory, stat 'C:\Users\benzm\OneDrive\Documents\directED-main\FINALE\PIPELINE-beta\backend-piped\src\controllers\views\404.html'	GET	/favicon.ico	undefined
20240709	15:06:56	553df522-9222-49bf-a86a-ef702103a577	Error: ENOENT: no such file or directory, stat 'C:\Users\benzm\OneDrive\Documents\directED-main\FINALE\PIPELINE-beta\backend-piped\src\controllers\views\404.html'	GET	/dkdk	undefined
20240709	15:06:56	d6015d18-314f-4505-8ca4-5e710cd57239	Error: ENOENT: no such file or directory, stat 'C:\Users\benzm\OneDrive\Documents\directED-main\FINALE\PIPELINE-beta\backend-piped\src\controllers\views\404.html'	GET	/favicon.ico	undefined
20240709	15:06:58	b63cfba2-a981-43dd-a772-065a70fe514c	Error: ENOENT: no such file or directory, stat 'C:\Users\benzm\OneDrive\Documents\directED-main\FINALE\PIPELINE-beta\backend-piped\src\controllers\views\404.html'	GET	/dkdk	undefined
20240709	15:06:58	f181f235-ee8e-4fac-b54b-666570a0825b	Error: ENOENT: no such file or directory, stat 'C:\Users\benzm\OneDrive\Documents\directED-main\FINALE\PIPELINE-beta\backend-piped\src\controllers\views\404.html'	GET	/favicon.ico	undefined
20240709	15:07:02	8eec8e35-0606-4eea-9965-a4a6418c8095	Error: ENOENT: no such file or directory, stat 'C:\Users\benzm\OneDrive\Documents\directED-main\FINALE\PIPELINE-beta\backend-piped\src\controllers\views\404.html'	GET	/	undefined
20240709	15:07:02	7902728b-fb1d-4fb7-8322-64bd4c727c65	Error: ENOENT: no such file or directory, stat 'C:\Users\benzm\OneDrive\Documents\directED-main\FINALE\PIPELINE-beta\backend-piped\src\controllers\views\404.html'	GET	/favicon.ico	undefined
20240709	15:10:29	5994a030-a677-4328-ba38-e7a5c4db6f4b	Error: ENOENT: no such file or directory, stat 'C:\Users\benzm\OneDrive\Documents\directED-main\FINALE\PIPELINE-beta\backend-piped\src\controllers\views\404.html'	GET	/	undefined
20240709	15:10:29	41df0cb1-b6a7-48a4-9fc2-57166f954b0f	Error: ENOENT: no such file or directory, stat 'C:\Users\benzm\OneDrive\Documents\directED-main\FINALE\PIPELINE-beta\backend-piped\src\controllers\views\404.html'	GET	/favicon.ico	undefined
20240709	15:10:34	ebcccfd9-503f-40e3-9435-fbe03070dfa1	Error: ENOENT: no such file or directory, stat 'C:\Users\benzm\OneDrive\Documents\directED-main\FINALE\PIPELINE-beta\backend-piped\src\controllers\views\404.html'	GET	/kkk	undefined
20240709	15:10:34	8462d434-1e2a-44ad-bff2-87b86a9d3996	Error: ENOENT: no such file or directory, stat 'C:\Users\benzm\OneDrive\Documents\directED-main\FINALE\PIPELINE-beta\backend-piped\src\controllers\views\404.html'	GET	/favicon.ico	undefined
20240709	20:11:51	7fff7954-f525-45df-ade6-32086016e921	Error: unable to update Plan executor error during findAndModify :: caused by :: E11000 duplicate key error collection: GR-8-DB.users index: email_1 dup key: { email: "john-2@gmail.com" }	PUT	/user/668ce29668d10955144bd12d	undefined
20240709	20:16:37	63a41ee0-fac5-4f4e-9054-845ba6b59a88	Error: unable to update Plan executor error during findAndModify :: caused by :: E11000 duplicate key error collection: GR-8-DB.users index: email_1 dup key: { email: "john-2@gmail.com" }	PUT	/user/668ce29668d10955144bd12d	undefined
20240709	21:48:48	ec2c15fe-a264-43cc-88ae-bc66a713c210	Error: unable to create task; User validation failed: tasks.0.active: Path `active` is required., tasks.1.active: Path `active` is required., tasks.2.active: Path `active` is required.	POST	/tasks	undefined
20240709	21:51:42	115c46e9-c8e3-4217-94bc-4c53e40608ba	Error: unable to create task; E11000 duplicate key error collection: GR-8-DB.tasks index: title_1 dup key: { title: "to delete-2" }	POST	/tasks	undefined
20240709	21:51:57	fbfcad30-5652-487f-a0c8-cfbdb62e046d	Error: unable to create task; User validation failed: tasks.0.completed: Path `completed` is required., tasks.1.completed: Path `completed` is required., tasks.2.completed: Path `completed` is required.	POST	/tasks	undefined
20240709	21:57:14	a46624f4-5776-4aba-ad6e-473cfe618705	Error: unable to create task; E11000 duplicate key error collection: GR-8-DB.tasks index: title_1 dup key: { title: "to delete-3" }	POST	/tasks	undefined
20240709	22:03:49	53223fe6-31f1-4d56-a693-a178664a164d	Error: unable to create task; E11000 duplicate key error collection: GR-8-DB.tasks index: title_1 dup key: { title: "to delete-3" }	POST	/tasks	undefined
20240709	22:04:09	41237395-5be3-455b-88b8-9cc66bce144f	Error: unable to create task; User validation failed: tasks.0.completed: Path `completed` is required., tasks.1.completed: Path `completed` is required., tasks.2.completed: Path `completed` is required.	POST	/tasks	undefined
20240709	22:05:03	57acd9c6-9854-4820-990c-cbf1b90cc92a	Error: unable to create task; E11000 duplicate key error collection: GR-8-DB.tasks index: title_1 dup key: { title: "last test" }	POST	/tasks	undefined
20240709	22:06:55	ee970e9b-9868-4725-b24e-cb10b5ef40e4	Error: unable to create task; E11000 duplicate key error collection: GR-8-DB.tasks index: title_1 dup key: { title: "last test" }	POST	/tasks	undefined
20240709	22:09:49	721fee0c-ad74-4dcd-848e-cd38616adce2	Error: unable to create task; E11000 duplicate key error collection: GR-8-DB.tasks index: title_1 dup key: { title: "last test" }	POST	/tasks	undefined
20240709	22:13:17	d20ed37c-2043-4df0-87af-2c464fe2f2ab	Error: unable to create task; User validation failed: tasks.0.completed: Path `completed` is required., tasks.1.completed: Path `completed` is required., tasks.2.completed: Path `completed` is required.	POST	/tasks	undefined
20240709	22:21:23	ea46425f-37a4-4760-b947-a988433afffc	Error: unable to create task; E11000 duplicate key error collection: GR-8-DB.tasks index: title_1 dup key: { title: "test-5" }	POST	/tasks	undefined
20240710	07:28:49	b76c1597-2353-4c30-b1f8-d249ed7f1f7f	Error: unable to create task; E11000 duplicate key error collection: GR-8-DB.tasks index: title_1 dup key: { title: "test-5" }	POST	/tasks	undefined
20240710	07:33:31	6fb5e1cc-edf3-4f10-aae8-e5bb088345aa	Error: unable to create task; E11000 duplicate key error collection: GR-8-DB.tasks index: title_1 dup key: { title: "test-6" }	POST	/tasks	undefined
20240710	07:37:06	501f1d25-b735-4e8c-ab07-ac1f66c0aaec	Error: unable to append task User validation failed: tasks.0.completed: Path `completed` is required., tasks.1.completed: Path `completed` is required., tasks.2.completed: Path `completed` is required.	POST	/tasks	undefined
20240710	09:10:45	ef0995ac-8782-42b7-b77a-7cf5321bc737	AssertionError: Invalid memoryCost, must be between 1024 and 4294967295.	POST	/auth/register	undefined
20240710	09:11:00	15d866f7-c9e7-40f2-ae7b-ec7f77d7cd56	AssertionError: Invalid memoryCost, must be between 1024 and 4294967295.	POST	/auth/register	undefined
20240710	09:13:18	edd6495a-4ddd-4cc6-9784-bcde12337147	AssertionError: Invalid memoryCost, must be between 1024 and 4294967295.	POST	/auth/register	undefined
20240710	09:13:42	dfc071f3-8c52-40eb-adb1-a57829693d27	AssertionError: Invalid memoryCost, must be between 1024 and 4294967295.	POST	/auth/register	undefined
20240710	09:22:46	367131b8-4884-47f2-951a-956ef1d7e5db	AssertionError: Invalid memoryCost, must be between 1024 and 4294967295.	POST	/auth/register	undefined
20240710	09:24:08	c5ddbd58-5f15-4e64-91e6-281410ea22a3	Error: Memory allocation error	POST	/auth/register	undefined
20240710	09:25:16	9f084992-0123-4d48-928c-b44e622d133f	TypeError: pchstr must contain a $ as first char	POST	/auth/login	undefined
20240710	09:31:19	efe342f1-92c5-4be3-a6aa-b5c5601a9974	TypeError: pchstr must contain a $ as first char	POST	/auth/login	undefined
20240710	09:31:53	5e8a25e3-409f-4945-adbc-682c7a85c708	TypeError: pchstr must contain a $ as first char	POST	/auth/login	undefined
20240710	11:55:07	fcfc1b6e-2a86-4a60-bcf9-c529cc07d723	TypeError: Cannot read properties of undefined (reading 'name')	GET	/user	undefined
20240710	11:56:26	cf3245a3-96a2-43e9-8c89-85cb45e4f960	TypeError: Cannot read properties of undefined (reading 'name')	GET	/user	undefined
20240711	16:44:16	d8c9cad8-f1e0-4551-a0c8-7692a8c88896	TypeError: pchstr must contain a $ as first char	POST	/auth/login	http://localhost:5173
20240711	21:18:59	418932b1-406f-4149-b67b-a4949aa7869b	Error: couldn't save the user to MongoDB	POST	/auth/register	undefined
20240711	21:22:28	7a1a03cc-df82-427d-81c6-e2d3fed85524	Error: couldn't save the user to MongoDB	POST	/auth/register	undefined
20240711	21:22:30	c5f515e0-d2a8-45ad-bd05-5e1a552dcd64	Error: couldn't save the user to MongoDB	POST	/auth/register	undefined
20240711	21:22:33	93bc9781-d348-4622-bc26-657a02cb1a2e	Error: couldn't save the user to MongoDB	POST	/auth/register	undefined
20240711	21:24:23	33f3cee0-ebc2-4f9d-b8a4-325d3c486210	Error: couldn't save the user to MongoDB	POST	/auth/register	undefined
20240711	21:24:26	9450fd6c-64eb-4208-be92-20c8c50e5526	Error: couldn't save the user to MongoDB	POST	/auth/register	undefined
20240711	21:24:29	65b355b1-af68-4d00-b715-d084228772c5	Error: couldn't save the user to MongoDB	POST	/auth/register	undefined
20240711	21:32:04	f16b3854-4606-4f8e-8a05-05089a79994f	Error: couldn't save the user to MongoDB	POST	/auth/register	undefined
20240711	21:32:06	c3be261e-28b2-44fc-90d0-34bff53adfd1	Error: couldn't save the user to MongoDB	POST	/auth/register	undefined
20240711	21:32:09	e8e4883f-f919-4dba-bd2a-1bb959262116	Error: couldn't save the user to MongoDB	POST	/auth/register	undefined
20240711	21:38:27	1a2634d8-7e42-448a-badf-3cf067ddf640	Error: couldn't save the user to MongoDB	POST	/auth/register	undefined
20240711	21:38:29	cf91e8c0-c438-4b59-92d7-bee64dedb0c0	Error: couldn't save the user to MongoDB	POST	/auth/register	undefined
20240711	21:38:31	8c8439dd-fa3d-48fe-adb2-7463a8514be0	Error: couldn't save the user to MongoDB	POST	/auth/register	undefined
20240711	21:40:01	7052fe05-4f18-4ed0-9f65-821e44a86dec	Error: couldn't save the user to MongoDB	POST	/auth/register	undefined
20240711	21:40:19	f4179226-7964-4cdc-8035-906c2329ca32	Error: couldn't save the user to MongoDB	POST	/auth/register	undefined
20240711	21:40:47	c2913609-7bcd-4f82-a22b-5b96fc49bc68	Error: couldn't save the user to MongoDB	POST	/auth/register	undefined
20240711	21:42:43	d18baf9e-c9b4-4265-8d1b-8db3083d0eae	Error: couldn't save the user to MongoDB	POST	/auth/register	undefined
20240711	21:42:46	3cb88224-c04a-49d3-a81a-561daf1ca64f	Error: couldn't save the user to MongoDB	POST	/auth/register	undefined
20240711	21:42:50	b47a0639-4984-41ab-8ef7-c877c1d9d9c1	Error: couldn't save the user to MongoDB	POST	/auth/register	undefined
20240711	21:45:46	ad754da5-b888-436a-a3eb-ff029aea521b	Error: couldn't save the user to MongoDB E11000 duplicate key error collection: GR-8-DB.users index: email_1 dup key: { email: "testUser@gmail.com" }	POST	/auth/register	undefined
20240711	21:45:48	58f10761-86ee-4b94-a61d-5147fc9aae6a	Error: couldn't save the user to MongoDB E11000 duplicate key error collection: GR-8-DB.users index: email_1 dup key: { email: "testUser@gmail.com" }	POST	/auth/register	undefined
20240711	21:45:51	626066bc-1172-4f87-8d04-74186a46a088	Error: couldn't save the user to MongoDB E11000 duplicate key error collection: GR-8-DB.users index: email_1 dup key: { email: "testUser@gmail.com" }	POST	/auth/register	undefined
20240711	21:49:54	7b978a9e-2448-489e-a944-e2237b40c5bf	Error: couldn't save the user to MongoDB E11000 duplicate key error collection: GR-8-DB.users index: email_1 dup key: { email: "testUser@gmail.com" }	POST	/auth/register	undefined
20240711	21:49:56	399a5fca-cbe4-4b59-bf2f-8b8efbe2daf3	Error: couldn't save the user to MongoDB E11000 duplicate key error collection: GR-8-DB.users index: email_1 dup key: { email: "testUser@gmail.com" }	POST	/auth/register	undefined
20240711	21:49:59	59de28f9-8e5e-4328-b5de-860502eecf7e	Error: couldn't save the user to MongoDB E11000 duplicate key error collection: GR-8-DB.users index: email_1 dup key: { email: "testUser@gmail.com" }	POST	/auth/register	undefined
20240711	22:14:22	fabf2e2c-352f-468b-8d3b-7c4ed8708f74	Error: couldn't save the user to MongoDB E11000 duplicate key error collection: GR-8-DB.users index: email_1 dup key: { email: "testUser@gmail.com" }	POST	/auth/register	undefined
20240711	22:14:24	33cc7994-5803-4ad3-8890-58d6365a9d9b	Error: couldn't save the user to MongoDB E11000 duplicate key error collection: GR-8-DB.users index: email_1 dup key: { email: "testUser@gmail.com" }	POST	/auth/register	undefined
20240711	22:14:57	acc53b50-44b6-4380-8bd9-d0f4e283251a	Error: couldn't save the user to MongoDB E11000 duplicate key error collection: GR-8-DB.users index: email_1 dup key: { email: "testUser@gmail.com" }	POST	/auth/register	undefined
20240711	22:14:59	abba6787-50e6-4596-98d8-8251727cda59	Error: couldn't save the user to MongoDB E11000 duplicate key error collection: GR-8-DB.users index: email_1 dup key: { email: "testUser@gmail.com" }	POST	/auth/register	undefined
20240711	22:15:03	f894888f-2315-4dbe-ad31-d530e7dba564	Error: couldn't save the user to MongoDB E11000 duplicate key error collection: GR-8-DB.users index: email_1 dup key: { email: "testUser@gmail.com" }	POST	/auth/register	undefined
20240711	22:19:14	d73f438c-7581-49c5-9e5a-9ebcc59c1cfe	Error: couldn't save the user to MongoDB E11000 duplicate key error collection: GR-8-DB.users index: email_1 dup key: { email: "testUser@gmail.com" }	POST	/auth/register	undefined
20240711	22:19:16	7ba3795b-c13b-4800-9cd6-766230a23604	Error: couldn't save the user to MongoDB E11000 duplicate key error collection: GR-8-DB.users index: email_1 dup key: { email: "testUser@gmail.com" }	POST	/auth/register	undefined
20240711	22:19:19	b7506300-c706-4c29-9b72-1dec4294ba2e	Error: couldn't save the user to MongoDB E11000 duplicate key error collection: GR-8-DB.users index: email_1 dup key: { email: "testUser@gmail.com" }	POST	/auth/register	undefined
20240711	22:19:49	26e60c89-ec4f-4397-b789-18a879ccca32	Error: couldn't save the user to MongoDB E11000 duplicate key error collection: GR-8-DB.users index: email_1 dup key: { email: "testUser@gmail.com" }	POST	/auth/register	undefined
20240711	22:19:52	d95ae5fd-5500-413a-942e-e36eef524d22	Error: couldn't save the user to MongoDB E11000 duplicate key error collection: GR-8-DB.users index: email_1 dup key: { email: "testUser@gmail.com" }	POST	/auth/register	undefined
20240711	22:19:56	a08157c6-dec9-4e76-966d-ed09ff486acc	Error: couldn't save the user to MongoDB E11000 duplicate key error collection: GR-8-DB.users index: email_1 dup key: { email: "testUser@gmail.com" }	POST	/auth/register	undefined
20240711	22:26:04	3c7eabe5-b223-4fbb-85c3-c4494508a966	Error: couldn't save the user to MongoDB E11000 duplicate key error collection: GR-8-DB.users index: email_1 dup key: { email: "testUser@gmail.com" }	POST	/auth/register	undefined
20240711	22:26:06	89022882-4273-4244-b23a-0bf6eafcfeb4	Error: couldn't save the user to MongoDB E11000 duplicate key error collection: GR-8-DB.users index: email_1 dup key: { email: "testUser@gmail.com" }	POST	/auth/register	undefined
20240711	22:50:58	3793a6f4-c029-4010-826c-1911d988a062	Error: couldn't save the user to MongoDB E11000 duplicate key error collection: GR-8-DB.users index: email_1 dup key: { email: "testUser@gmail.com" }	POST	/auth/register	undefined
20240711	23:13:52	3cfc4e27-d7d1-4f43-8736-e91c3e228a67	Error: couldn't save the user to MongoDB E11000 duplicate key error collection: GR-8-DB.users index: email_1 dup key: { email: "testUser@gmail.com" }	POST	/auth/register	undefined
20240711	23:14:47	b2cca092-5802-4d88-a3d1-20c7bde8f0ee	Error: couldn't save the user to MongoDB E11000 duplicate key error collection: GR-8-DB.users index: email_1 dup key: { email: "testUser@gmail.com" }	POST	/auth/register	undefined
20240711	23:14:48	c61353c0-d2be-4a22-b48f-e354e21050c0	Error: couldn't save the user to MongoDB E11000 duplicate key error collection: GR-8-DB.users index: email_1 dup key: { email: "testUser@gmail.com" }	POST	/auth/register	undefined
20240711	23:17:47	0aa43c52-d2ab-4802-8e10-27efcdccfe0e	Error: couldn't save the user to MongoDB E11000 duplicate key error collection: GR-8-DB.users index: email_1 dup key: { email: "testUser@gmail.com" }	POST	/auth/register	undefined
20240712	00:05:42	648163ab-04be-49b0-a12f-fe096c11e4d6	Error: couldn't save the user to MongoDB E11000 duplicate key error collection: GR-8-DB.users index: email_1 dup key: { email: "testUser@gmail.com" }	POST	/auth/register	undefined
20240712	00:07:55	ae97e3db-dd64-44de-8e8d-1720992ece7a	Error: couldn't save the user to MongoDB E11000 duplicate key error collection: GR-8-DB.users index: email_1 dup key: { email: "testUser@gmail.com" }	POST	/auth/register	undefined
20240712	00:16:09	628737ed-978b-4acf-9610-6211cea17e73	Error: couldn't save the user to MongoDB E11000 duplicate key error collection: GR-8-DB.users index: email_1 dup key: { email: "testUser@gmail.com" }	POST	/auth/register	undefined
20240712	00:20:12	0c0fe54c-df5b-4ed9-a6f9-e302782007f8	Error: couldn't save the user to MongoDB E11000 duplicate key error collection: GR-8-DB.users index: email_1 dup key: { email: "testUser@gmail.com" }	POST	/auth/register	undefined
20240712	00:28:07	a64feda5-110d-48a6-b7ad-47c00265063b	Error: couldn't save the user to MongoDB E11000 duplicate key error collection: GR-8-DB.users index: email_1 dup key: { email: "testUser@gmail.com" }	POST	/auth/register	undefined
20240712	00:35:18	e90296f4-e54c-4cb4-8eea-1e18cb853f7e	Error: couldn't save the user to MongoDB E11000 duplicate key error collection: GR-8-DB.users index: email_1 dup key: { email: "testUser@gmail.com" }	POST	/auth/register	undefined
20240712	00:49:00	f4721484-87fc-472f-bfd0-e8168161d3b7	Error: unable to create task; E11000 duplicate key error collection: GR-8-DB.tasks index: title_1 dup key: { title: "Meet the MERN Gang" }	POST	/tasks	undefined
20240712	15:24:54	cab65469-3327-45ac-826b-98994b185172	TypeError: The "path" argument must be of type string. Received undefined	GET	/imgTest/avatar-1720775053898.jpg	undefined
20240712	15:27:06	fd26f3ef-e061-41df-bad7-289e537fd122	TypeError: path argument is required to res.sendFile	GET	/imgTest/avatar-1720775053898.jpg	undefined
20240712	15:28:13	627b4fad-04ac-4826-98c1-3795ad3465ee	TypeError: path argument is required to res.sendFile	GET	/imgTest/avatar-1720775053898.jpg	undefined
20240712	15:29:09	7793830f-f156-481c-ab7b-569e81f3a4b3	TypeError: path argument is required to res.sendFile	GET	/imgTest/avatar-1720775053898.jpg	undefined
20240712	15:30:57	54446429-ce9e-474d-aaee-d0a6d231dbe8	TypeError: path argument is required to res.sendFile	GET	/imgTest/avatar-1720775053898.jpg	undefined
20240712	15:33:48	81df92eb-ea77-4655-99b9-57f1b4735515	TypeError: path argument is required to res.sendFile	GET	/imgTest/avatar-1720775053898.jpg	undefined
20240712	15:36:22	b9f7cce1-6f32-48f9-b27d-e9c68822e149	TypeError: path argument is required to res.sendFile	GET	/imgTest/avatar-1720775053898.jpg	undefined
20240712	15:38:37	0b9c2a33-c151-43d9-8129-dd185c87db73	TypeError: path must be a string to res.sendFile	GET	/imgTest/avatar-1720775053898.jpg	undefined
20240712	15:48:56	a266dc3e-67f8-4a46-accf-71827ca808dd	TypeError: path must be a string to res.sendFile	GET	/imgTest/avatar-1720775053898.jpg	http://localhost:5173
20240712	15:48:56	94ac9f18-8d05-4914-8515-0d0b8ac84e07	TypeError: path must be a string to res.sendFile	GET	/imgTest/avatar-1720775053898.jpg	http://localhost:5173
20240712	15:48:56	cb164c0f-66f4-4b51-9278-2d854fbfca7f	TypeError: path must be a string to res.sendFile	GET	/imgTest/avatar-1720775053898.jpg	http://localhost:5173
20240712	15:48:56	f38a2005-4455-47d4-9a14-d3d059dc30fc	TypeError: path must be a string to res.sendFile	GET	/imgTest/avatar-1720775053898.jpg	http://localhost:5173
20240712	20:29:58	8edc352b-a842-42dd-a9a2-f4fa8dc93585	Error: ENOENT: no such file or directory, open 'C:\Users\benzm\OneDrive\Documents\directED-main\FINALE\PIPELINE-beta\backend-piped\src\avatar\avatar-1720775053898.jpg'	GET	/uploads/avatars/avatar-1720775053898.jpg	http://localhost:5173
20240712	20:29:58	2d82f059-f88e-421e-8b5a-735461d5934a	Error: ENOENT: no such file or directory, open 'C:\Users\benzm\OneDrive\Documents\directED-main\FINALE\PIPELINE-beta\backend-piped\src\avatar\avatar-1720775053898.jpg'	GET	/uploads/avatars/avatar-1720775053898.jpg	http://localhost:5173
20240712	20:29:58	6c4a1407-7087-4f3f-9797-71bc82b2940c	Error: ENOENT: no such file or directory, open 'C:\Users\benzm\OneDrive\Documents\directED-main\FINALE\PIPELINE-beta\backend-piped\src\avatar\avatar-1720775053898.jpg'	GET	/uploads/avatars/avatar-1720775053898.jpg	http://localhost:5173
20240712	20:29:59	a46866b1-0a6b-40fa-9146-c6392a8bbf36	Error: ENOENT: no such file or directory, open 'C:\Users\benzm\OneDrive\Documents\directED-main\FINALE\PIPELINE-beta\backend-piped\src\avatar\avatar-1720775053898.jpg'	GET	/uploads/avatars/avatar-1720775053898.jpg	http://localhost:5173
20240712	20:33:15	983a2fa8-81c9-49bc-98b3-eceece5427e9	Error: ENOENT: no such file or directory, open 'C:\Users\benzm\OneDrive\Documents\directED-main\FINALE\PIPELINE-beta\backend-piped\src\avatar\avatar-1720800432833'	GET	/uploads/avatars/avatar-1720800432833	http://localhost:5173
20240712	20:33:16	ef94e1d7-f5d1-4b2f-91d9-44d09c8dded5	Error: ENOENT: no such file or directory, open 'C:\Users\benzm\OneDrive\Documents\directED-main\FINALE\PIPELINE-beta\backend-piped\src\avatar\avatar-1720800432833'	GET	/uploads/avatars/avatar-1720800432833	http://localhost:5173
20240712	20:33:31	a9f347fe-cd7f-4b1e-89d1-e28811d10ea2	Error: ENOENT: no such file or directory, open 'C:\Users\benzm\OneDrive\Documents\directED-main\FINALE\PIPELINE-beta\backend-piped\src\avatar\avatar-1720800432833'	GET	/uploads/avatars/avatar-1720800432833	http://localhost:5173
20240712	20:33:31	37ea897f-3629-41ac-891b-6ff3a7b9f7a3	Error: ENOENT: no such file or directory, open 'C:\Users\benzm\OneDrive\Documents\directED-main\FINALE\PIPELINE-beta\backend-piped\src\avatar\avatar-1720800432833'	GET	/uploads/avatars/avatar-1720800432833	http://localhost:5173
20240712	20:51:37	b82b6e18-f32f-4a30-8bda-8a8f53f2d366	Error: couldn't save the user to MongoDB E11000 duplicate key error collection: GR-8-DB.users index: email_1 dup key: { email: "testUser@gmail.com" }	POST	/auth/register	undefined
20240712	20:55:34	bf0d50f6-d60e-44af-bab5-9bd8deee54e2	Error: couldn't save the user to MongoDB E11000 duplicate key error collection: GR-8-DB.users index: email_1 dup key: { email: "testUser@gmail.com" }	POST	/auth/register	undefined
20240712	21:00:59	b56644fc-e3ce-4216-b5ad-b9640351cf26	Error: couldn't save the user to MongoDB E11000 duplicate key error collection: GR-8-DB.users index: email_1 dup key: { email: "testUser@gmail.com" }	POST	/auth/register	undefined
20240712	21:04:50	82765ed6-ee00-4762-8fd6-b9d59ad162c5	Error: couldn't save the user to MongoDB E11000 duplicate key error collection: GR-8-DB.users index: email_1 dup key: { email: "testUser@gmail.com" }	POST	/auth/register	undefined
