20240709	09:36:56	e41c3b02-8cc9-4b1f-a72d-ab845597ef3d	POST	/auth/register	undefined
20240709	10:11:18	749e3713-2540-48d2-82d9-85a261030d86	POST	/auth/register	undefined
20240709	11:56:24	a7c9ab8f-32d1-4e75-b4b9-f48cea27d007	POST	/tasks	undefined
20240709	11:59:13	d9cf5b86-cb62-495e-a701-bd253a3f8f5d	POST	/tasks	undefined
20240709	12:47:01	fd7e7924-0ce0-41a9-9ca9-4c8088a77a1a	POST	/user/register	undefined
20240709	12:48:42	2dadd348-5711-4361-8370-d68d61498e13	POST	/auth/register	undefined
20240709	12:49:43	0c0ce743-f4f1-416d-8d9d-a9fba4516bbd	GET	/user/668d077a636c3275be6acd03	undefined
20240709	12:52:03	5d1768f9-2f39-43ac-8627-9c2faceca7fd	GET	/user/668d077a636c3275be6acd03	undefined
20240709	13:01:26	bad4ae52-8150-4b81-b27f-f3646e7923ff	GET	/user/668d077a636c3275be6acd03	undefined
20240709	13:09:41	0b9f706e-3eb2-4bc4-a146-068d0e2b3ab1	GET	/user	undefined
20240709	13:25:49	2c9f8d25-ae33-4b83-ad2e-bc317962edc0	DELETE	/user/668c2ebb63e047560f5edc0e	undefined
20240709	13:37:11	afecfd81-2de5-421e-9beb-c06dd82e17e6	GET	/user/668d077a636c3275be6acd03	undefined
20240709	13:37:15	8a7c0673-9741-47e0-bf15-1d58e6999b7c	GET	/user	undefined
20240709	13:45:54	ee8f758b-f532-4a53-894f-f1b8d03dd424	GET	/user	http://localhost:5173
20240709	13:45:54	d3c4c265-6ba9-4f26-9add-accc4407b12b	GET	/user	http://localhost:5173
20240709	14:26:33	30da417a-a7fc-4859-98ac-40532c0173cd	GET	/user	http://localhost:5173
20240709	14:27:06	742375ce-5d56-4e5a-8379-08aebe96d362	GET	/user	http://localhost:5173
20240709	14:27:29	517261e0-68bb-49f6-957f-ce18fca5b7fb	GET	/user	http://localhost:5173
20240709	14:29:16	a7bc1606-bb5e-4211-b915-acc266a71094	GET	/user	http://localhost:5173
20240709	14:29:23	e98b73d1-6c16-4c8b-8392-33b2bf8dfec4	GET	/user	http://localhost:5173
20240709	14:29:23	ad0ad763-f7b2-4aee-8909-9a63bffbc929	GET	/user	http://localhost:5173
20240709	14:31:40	20953df1-899f-4488-8c7f-5685c522798f	DELETE	/user/668c3061adbd3ff85c067f91	undefined
20240709	14:31:56	bae01fdc-4450-41d5-8032-1897cf600104	DELETE	/user/668c3061adbd3ff85c067f91	undefined
20240709	14:32:03	24e54f70-0405-4228-a56f-a1801f1e6d08	GET	/user	undefined
20240709	14:32:20	f964caa4-3299-405f-a57c-a868fdbdcb9a	DELETE	/user/668c30a657b581abfc3237c3	undefined
20240709	14:32:26	19ce98e0-1bc5-4eab-b2f1-223086ff8a38	GET	/user	undefined
20240709	14:32:39	8606639a-c6a2-40f6-9634-68c09bb02650	DELETE	/user/668c47f7f37ddca2b134565e	undefined
20240709	14:32:52	c48adcf5-8828-4b4a-948f-17e6316f13d7	DELETE	/user/668ccfd5113193c0ba968150	undefined
20240709	14:32:55	a51601fd-19de-4adf-a54f-7bf64bbd5140	GET	/user	undefined
20240709	14:33:06	997e94c9-dde6-4e77-9662-e7b1dfdbacd7	DELETE	/user/668cd04f592dd7288437698b	undefined
20240709	14:33:10	4e1f4e48-a176-4b9a-ad2b-689138e1af19	GET	/user	undefined
20240709	14:33:29	418436bc-fd1f-47ba-af81-982f539e6019	GET	/user	http://localhost:5173
20240709	14:33:29	6cd84acf-742a-484c-81fe-e0cd1c3f8930	GET	/user	http://localhost:5173
20240709	14:56:01	9675a2f0-1053-4b68-9d3a-9b525ebeb787	GET	/health	undefined
20240709	14:56:02	665eef0b-697b-452a-8314-fa95292e4d06	GET	/favicon.ico	undefined
20240709	14:56:24	f38e5b80-697f-4f9f-b4de-b277502f1021	GET	/	undefined
20240709	14:56:24	f5f42ead-bffa-4397-9017-f8416eed01fd	GET	/favicon.ico	undefined
20240709	14:56:35	9f388d55-4a3c-4488-a2d3-6fe788b4720c	GET	/dkdk	undefined
20240709	14:56:35	028edf00-adbe-4ade-b961-ceb012454fb0	GET	/favicon.ico	undefined
20240709	15:06:56	72cc0d02-27bd-4f94-9d8e-ea7813464cd5	GET	/dkdk	undefined
20240709	15:06:56	3044859e-d178-40f5-b4fd-eaa7b7433ea5	GET	/favicon.ico	undefined
20240709	15:06:58	c2205027-4a0a-43d8-9854-6261fa79e08d	GET	/dkdk	undefined
20240709	15:06:58	d0ec16ae-6341-492a-8b83-2d84411e39c6	GET	/favicon.ico	undefined
20240709	15:07:02	221e3e2f-2166-43e1-9c81-179aac4df11b	GET	/	undefined
20240709	15:07:02	910bfcfa-3682-48c2-b516-4d62b9383c05	GET	/favicon.ico	undefined
20240709	15:10:29	66b83b78-2bbf-4384-b749-aeab25fd3831	GET	/	undefined
20240709	15:10:29	e560d09c-436e-49e4-aba2-6f9075c4cc9a	GET	/favicon.ico	undefined
20240709	15:10:34	1504659a-d80f-42c0-b95e-d15083c610f6	GET	/kkk	undefined
20240709	15:10:34	630481eb-4533-4e8b-83ca-31fcd094f916	GET	/favicon.ico	undefined
20240709	15:12:00	7f7ff3ea-16a5-412d-a852-3c88e2f2ab40	GET	/kkk	undefined
20240709	15:12:00	4511f4a3-cf6a-4c6a-bcfe-54872088054c	GET	/css/style.css	undefined
20240709	15:12:00	988c64af-e206-4a4c-ba5e-72b648a43979	GET	/favicon.ico	undefined
20240709	15:13:31	3beb7374-df59-4a82-ba77-9554ec5502c4	GET	/kkk	undefined
20240709	15:13:31	d886ad1b-6ddb-47d8-bfd0-7c7763e2cbf7	GET	/css/style.css	undefined
20240709	15:14:11	3acdfc6c-3347-4d29-b310-537cf52bedc7	GET	/css/style.css	undefined
20240709	15:22:00	256bf1f4-1406-4c7e-b6c8-0d5ef49dce9b	GET	/dkdkkk	undefined
20240709	15:22:00	995c8fad-a921-4267-8ca3-b1b8dd831b9a	GET	/css/style.css	undefined
20240709	15:23:01	0808439c-03be-41cd-bab9-dafae722ea7c	GET	/dkdkkk	undefined
20240709	15:23:01	b7e8e6db-8a5f-4657-8f21-9883e5439966	GET	/css/style.css	undefined
20240709	15:23:06	1de36f14-fe11-45ba-9cff-c268f784b6e8	GET	/dkdlo[ihao[ha	undefined
20240709	15:23:06	59bcb05e-b927-464a-a4e1-8dfb6c220f30	GET	/css/style.css	undefined
20240709	15:23:15	9f72d049-94e4-4bbb-b628-72b4df105639	GET	/css/style.css	undefined
20240709	15:23:41	57314460-7a49-413b-93f6-5b6b5922c3de	GET	/	undefined
20240709	15:23:41	846d3038-18dd-4b5e-8d46-ebaf8d63435b	GET	/css/style.css	undefined
20240709	15:24:17	5fd9a907-4469-47a1-91d7-aaf50d75dc59	GET	/	undefined
20240709	15:24:17	80f666e8-6ebe-40da-af1c-e4cbe18d5673	GET	/css/style.css	undefined
20240709	15:25:02	5cff759f-3ae7-49f7-a77a-52015e7f146b	GET	/	undefined
20240709	15:25:03	53db2c2f-ab23-41a4-a36f-92caf646eb50	GET	/css/style.css	undefined
20240709	15:25:37	58d6207b-1a8e-40a3-bb78-ca7cde00d6e3	GET	/	undefined
20240709	15:25:37	18f7b1f8-4d09-4de6-948e-b405ee6644c5	GET	/css/style.css	undefined
20240709	15:26:12	fd73846b-66fd-4dab-b7a1-8028b2107664	GET	/	undefined
20240709	15:26:12	bcebe391-3268-4dac-aa66-b0dbe6886788	GET	/css/style.css	undefined
20240709	15:31:19	14fe9d8d-5d7a-4432-9750-d4708d3fd0e3	GET	/	undefined
20240709	15:31:19	2abb7cb8-b148-4ffd-90ee-3ba9e68a5e75	GET	/css/style.css	undefined
20240709	15:31:19	79957551-e9ae-4894-9b08-0be673ece468	GET	/public/api-icon.png	undefined
20240709	15:32:01	6bb2cbe8-aabc-4a55-8ed5-6aac07a04d8e	GET	/	undefined
20240709	15:32:01	34ba01b4-5a68-4fc5-a028-a39ef5155807	GET	/css/style.css	undefined
